<?xml version="1.0" encoding="UTF-8"?>
<!-- Generated by org.testng.reporters.JUnitReportReporter -->
<testsuite hostname="LTIN611097" failures="0" tests="3" name="com.cts.justdial.testrunners.Scenario3Runner" time="100.008" errors="0" timestamp="2025-07-15T10:50:38 IST" skipped="0">
  <testcase classname="com.cts.justdial.testrunners.Scenario3Runner" name="validateGymPageTitle" time="32.859"/>
  <testcase classname="com.cts.justdial.testrunners.Scenario3Runner" name="validateGymsOption" time="29.302"/>
  <testcase classname="com.cts.justdial.testrunners.Scenario3Runner" name="validateGyms" time="37.847"/>
</testsuite> <!-- com.cts.justdial.testrunners.Scenario3Runner -->
